#NEXUS

Begin taxa;
	Dimensions ntax=98;
	Taxlabels
		Itea
		Heuchera
		Greyia
		Erodium
		Geranium
		Monsonia
		Pelargon
		Hypseoch
		Eucryphia
		Tropaeolum
		Carica
		Batis
		Tovaria
		Nitraria
		Tetradic
		Malacocar
		Peganum
		BieberOrp
		BieberstM
		BieberOdo
		BieberHet
		Zanthoxyl
		Lunasia
		Melicope
		Eriostem
		Phebalium
		Choisya
		Correa
		Adenandr
		Calodend
		Dictamnu
		Ruta
		Clausena
		Citrus
		Aegle
		Glycosmis
		Spathelia
		Cneorum
		Harrisonia
		Ailanthus
		Quassia
		Simarouba
		Soulamea
		Guarea
		Aglaia
		Turraea
		Trichilia
		Vavaea
		Quivisi
		Melia
		Swietenia
		Capuron
		Cedrela
		Chukrasia
		Toona
		Cyrtocapra
		Spondias
		Blepharo
		Mangifera
		Rhus
		Buchanani
		Bursera
		Canarium
		Kirkia
		Dodonaea
		Harpullia
		Koelreuter
		Allophyll
		Cupaniops
		DipterDye
		DipterSin
		A_pilosu
		A_negund
		A_laurin
		A_distyl
		A_rubrum
		A_pycnan
		A_caudat
		A_oblong
		A_trautv
		A_saccha
		A_tatari
		A_campe
		A_acumina
		A_barbin
		A_palmat
		A_diabol
		AesculusPa
		AesculusFl
		Handeliod
		Cistus
		Helianthe
		Anisoptera
		Bixa
		Ochroma
		Bombax
		Gossypium
		Thespesia
		;
End;

Begin trees;
	Translate
		1 Itea,
		2 Heuchera,
		3 Greyia,
		4 Erodium,
		5 Geranium,
		6 Monsonia,
		7 Pelargon,
		8 Hypseoch,
		9 Eucryphia,
		10 Tropaeolum,
		11 Carica,
		12 Batis,
		13 Tovaria,
		14 Nitraria,
		15 Tetradic,
		16 Malacocar,
		17 Peganum,
		18 BieberOrp,
		19 BieberstM,
		20 BieberOdo,
		21 BieberHet,
		22 Zanthoxyl,
		23 Lunasia,
		24 Melicope,
		25 Eriostem,
		26 Phebalium,
		27 Choisya,
		28 Correa,
		29 Adenandr,
		30 Calodend,
		31 Dictamnu,
		32 Ruta,
		33 Clausena,
		34 Citrus,
		35 Aegle,
		36 Glycosmis,
		37 Spathelia,
		38 Cneorum,
		39 Harrisonia,
		40 Ailanthus,
		41 Quassia,
		42 Simarouba,
		43 Soulamea,
		44 Guarea,
		45 Aglaia,
		46 Turraea,
		47 Trichilia,
		48 Vavaea,
		49 Quivisi,
		50 Melia,
		51 Swietenia,
		52 Capuron,
		53 Cedrela,
		54 Chukrasia,
		55 Toona,
		56 Cyrtocapra,
		57 Spondias,
		58 Blepharo,
		59 Mangifera,
		60 Rhus,
		61 Buchanani,
		62 Bursera,
		63 Canarium,
		64 Kirkia,
		65 Dodonaea,
		66 Harpullia,
		67 Koelreuter,
		68 Allophyll,
		69 Cupaniops,
		70 DipterDye,
		71 DipterSin,
		72 A_pilosu,
		73 A_negund,
		74 A_laurin,
		75 A_distyl,
		76 A_rubrum,
		77 A_pycnan,
		78 A_caudat,
		79 A_oblong,
		80 A_trautv,
		81 A_saccha,
		82 A_tatari,
		83 A_campe,
		84 A_acumina,
		85 A_barbin,
		86 A_palmat,
		87 A_diabol,
		88 AesculusPa,
		89 AesculusFl,
		90 Handeliod,
		91 Cistus,
		92 Helianthe,
		93 Anisoptera,
		94 Bixa,
		95 Ochroma,
		96 Bombax,
		97 Gossypium,
		98 Thespesia
		;
tree TREE1  = [&R] ((1[&rate_range={1.1130675139959744E-4,0.0029236231469211204},height_95%_HPD={0.0,5.000799774279585E-11},height_median=1.901412360894028E-11,rate=5.402638821967173E-4,height=2.3146411404834704E-11,rate_median=4.806713658745391E-4,height_range={0.0,1.0291500984749291E-10},rate_95%_HPD={1.90972996393184E-4,0.00104516731442293}]:85.42588281178,2[&rate_range={1.065090088997188E-4,0.0027607758276451747},height_95%_HPD={0.0,5.000799774279585E-11},height_median=1.901412360894028E-11,rate=5.383217380430327E-4,height=2.3154412116039365E-11,rate_median=4.762759511260288E-4,height_range={0.0,1.0291500984749291E-10},rate_95%_HPD={1.8045230508711144E-4,0.001025909711912736}]:85.42588281178)[&rate_range={6.548386903897686E-5,0.0022646919594653085},height_95%_HPD={18.160093084189995,97.544271525929},height_median=53.549804999492,rate=3.017053677623876E-4,height=55.94211684201489,posterior=0.9993055555555556,rate_median=2.6833547974955234E-4,height_range={10.060886319009995,128.831577515445},rate_95%_HPD={9.830388512755113E-5,5.759726317769824E-4}]:38.95658093774,((3[&rate_range={1.1116694232282775E-4,7.626925677678201E-4},height_95%_HPD={0.0,6.700417998217745E-11},height_median=1.6001422409317456E-11,rate=2.787193979762371E-4,height=2.3163633776511636E-11,rate_median=2.718350058048346E-4,height_range={0.0,1.0199130429100478E-10},rate_95%_HPD={1.6865902032792276E-4,3.99853586519563E-4}]:115.5679145571,((((4[&rate_range={2.1482068352221743E-4,0.0030339950868131862},height_95%_HPD={0.0,4.999378688808065E-11},height_median=2.000888343900442E-11,rate=9.557496705803274E-4,height=2.3195276415637838E-11,rate_median=8.951632759251391E-4,height_range={0.0,7.003109203651547E-11},rate_95%_HPD={3.6943480463891244E-4,0.0016849031392801158}]:22.35869261157,5[&rate_range={2.415314946971515E-4,0.0038736698894105293},height_95%_HPD={0.0,4.999378688808065E-11},height_median=2.000888343900442E-11,rate=0.0010737448386914338,height=2.3195276415637838E-11,rate_median=0.0010014610634512177,height_range={0.0,7.003109203651547E-11},rate_95%_HPD={4.359182853805706E-4,0.0018607562366743375}]:22.35869261157)[&rate_range={1.0068723167031173E-4,0.004027208868110939},height_95%_HPD={10.79714148753699,37.50907974890801},height_median=22.245986157719997,rate=8.435943529166318E-4,height=23.04821540580489,posterior=1.0,rate_median=7.503754930335707E-4,height_range={5.562740158772982,63.502650572067},rate_95%_HPD={2.2016673671573705E-4,0.001678896099792218}]:20.31007015234,6[&rate_range={2.2945451892469662E-4,0.0029632546877683174},height_95%_HPD={0.0,4.999378688808065E-11},height_median=2.000888343900442E-11,rate=8.154204782637159E-4,height=2.316217834814122E-11,rate_median=7.720959479566086E-4,height_range={0.0,6.997424861765467E-11},rate_95%_HPD={3.9018186570617794E-4,0.0013470045093754472}]:42.66876276391)[&rate_range={1.522769299215906E-4,0.004042325762144612},height_95%_HPD={20.274799644923704,53.75729835250303},height_median=35.75978659732299,rate=0.0010330379515467434,height=36.361106130260325,posterior=1.0,rate_median=9.367347995929E-4,height_range={10.810625288794995,76.466634803426},rate_95%_HPD={3.1302781971438286E-4,0.0019735890108246216}]:20.86741198794,7[&rate_range={1.7823947088072337E-4,0.002075600725403648},height_95%_HPD={4.831690603168681E-13,5.002220859751105E-11},height_median=2.000888343900442E-11,rate=6.106740328815378E-4,height=2.320446965440068E-11,rate_median=5.849631058589759E-4,height_range={0.0,6.500044946733397E-11},rate_95%_HPD={3.1347670487196573E-4,9.617812168590598E-4}]:63.53617475185)[&rate_range={1.715773687511326E-4,0.004235739299579859},height_95%_HPD={34.918052561241,76.96146110795081},height_median=55.23829864487451,rate=9.906505541637392E-4,height=55.69455449890062,posterior=1.0,rate_median=9.020099382023572E-4,height_range={21.908228700493993,97.52533012343},rate_95%_HPD={3.1734087255222274E-4,0.0018928345649835705}]:21.28202786734,8[&rate_range={1.6342191373255058E-4,0.001510090194146282},height_95%_HPD={0.0,4.999378688808065E-11},height_median=1.999467258428922E-11,rate=4.911485545915173E-4,height=2.321004050682202E-11,rate_median=4.7548322421711245E-4,height_range={0.0,1.0271605788148008E-10},rate_95%_HPD={2.707616401920487E-4,7.456688873475917E-4}]:84.81820261919)[&rate_range={1.4531268560889865E-4,0.0031522077575301902},height_95%_HPD={52.74520810333151,102.54509996101999},height_median=78.97181878494965,rate=9.061196544781225E-4,height=78.60126786003583,posterior=1.0,rate_median=8.362083004432007E-4,height_range={34.89191943818,119.3596418144092},rate_95%_HPD={3.335075565030857E-4,0.0016366365808370659}]:30.74971193794)[&rate_range={6.21695019799178E-5,0.003767644523733607},height_95%_HPD={85.83578419425,130.43989832724802},height_median=109.71975500771902,rate=4.881152340792352E-4,height=108.66155042948546,posterior=0.8649583333333334,rate_median=4.048781618246895E-4,height_range={53.989742571536,136.03261923623663},rate_95%_HPD={7.736588031989484E-5,0.001099246157229978}]:2.807380748763,(9[&rate_range={1.5890234185132466E-4,8.366554091206053E-4},height_95%_HPD={0.0,6.701839083689265E-11},height_median=1.5987211554602254E-11,rate=3.7950016254534866E-4,height=2.306245979373974E-11,rate_median=3.7220369075697033E-4,height_range={0.0,1.0300027497578412E-10},rate_95%_HPD={2.427942200258341E-4,5.257665799142333E-4}]:113.5040833753,((10[&rate_range={1.2428791525087698E-4,0.0011794995226451395},height_95%_HPD={9.947598300641403E-13,5.002220859751105E-11},height_median=1.9980461729574017E-11,rate=3.65152499498728E-4,height=2.3151000721415788E-11,rate_median=3.532249170932736E-4,height_range={0.0,9.99875737761613E-11},rate_95%_HPD={2.0461879174506065E-4,5.475415974452255E-4}]:83.68778218468,(11[&rate_range={2.3409308054500287E-4,0.001961463509898833},height_95%_HPD={5.968558980384842E-13,5.002220859751105E-11},height_median=1.999467258428922E-11,rate=6.331246684507992E-4,height=2.3151093289344418E-11,rate_median=6.084091008779344E-4,height_range={0.0,9.401901479577646E-11},rate_95%_HPD={3.5700684608564967E-4,9.633584186413844E-4}]:62.62741333043,(12[&rate_range={6.128009354601591E-4,0.004136296619843094},height_95%_HPD={0.0,4.999378688808065E-11},height_median=1.999467258428922E-11,rate=0.0016729132390505203,height=2.3142552565660583E-11,rate_median=0.0016261520459677444,height_range={0.0,7.000267032708507E-11},rate_95%_HPD={8.624019073844058E-4,0.0025434003815947596}]:28.42732644633,13[&rate_range={1.5539899393112217E-4,0.0021471145946891233},height_95%_HPD={0.0,4.999378688808065E-11},height_median=1.999467258428922E-11,rate=6.422786644637694E-4,height=2.3142552565660583E-11,rate_median=6.08629384413794E-4,height_range={0.0,7.000267032708507E-11},rate_95%_HPD={2.8047325873910447E-4,0.0010716174056215676}]:28.42732644633)[&rate_range={1.84888071186617E-4,0.0039532766852396475},height_95%_HPD={23.282210448944,62.212804166750004},height_median=40.25008898718501,rate=9.946963098635196E-4,height=41.298983851955875,posterior=1.0,rate_median=9.025345494958399E-4,height_range={16.00340236110239,82.862521364229},rate_95%_HPD={3.421060883991838E-4,0.0018916892916580263}]:34.2000868841)[&rate_range={7.423607880776818E-5,0.004061331662901294},height_95%_HPD={44.279743542353984,89.6450648808954},height_median=65.96495329853599,rate=6.333420991431609E-4,height=65.86856100102263,posterior=0.9855277777777778,rate_median=5.444716456813258E-4,height_range={26.57005402296339,107.890801932532},rate_95%_HPD={1.299449732897158E-4,0.00138698611661432}]:21.06036885425)[&rate_range={8.819465089297824E-5,0.0030458278837560415},height_95%_HPD={55.49807015623801,100.493608268836},height_median=78.79182360510501,rate=5.890328267234039E-4,height=78.37703674502835,posterior=1.0,rate_median=5.153926581579519E-4,height_range={31.427024909376,119.62942391611799},rate_95%_HPD={1.5189729815580903E-4,0.0011907962445949977}]:21.95197368491,((((((14[&rate_range={1.3150908324352127E-4,0.0029637570042389282},height_95%_HPD={0.0,4.9396930990042165E-11},height_median=1.9099388737231493E-11,rate=5.647322078827697E-4,height=2.3151543694489696E-11,rate_median=5.273619718280124E-4,height_range={0.0,7.298694981727749E-11},rate_95%_HPD={2.3612866435268146E-4,9.676750457208669E-4}]:29.86372378379,(15[&rate_range={3.4737372336306183E-4,0.003433154245280302},height_95%_HPD={0.0,4.9681148084346205E-11},height_median=1.9099388737231493E-11,rate=0.0011029112252149557,height=2.313239535725289E-11,rate_median=0.0010464766989168475,height_range={0.0,7.298694981727749E-11},rate_95%_HPD={5.197707694409972E-4,0.001795473993992554}]:22.01664758385,(16[&rate_range={6.322003799986937E-5,0.0027322742411924105},height_95%_HPD={0.0,4.999378688808065E-11},height_median=1.9412027540965937E-11,rate=4.6671906277324774E-4,height=2.3137328497568887E-11,rate_median=4.1358052433399385E-4,height_range={0.0,7.250378075696062E-11},rate_95%_HPD={9.79008221677458E-5,9.388658594079424E-4}]:7.975525373245,17[&rate_range={1.2841748309734715E-4,0.0037839322004476115},height_95%_HPD={0.0,4.999378688808065E-11},height_median=1.9412027540965937E-11,rate=8.099239953755488E-4,height=2.3137328497568887E-11,rate_median=7.252474897987947E-4,height_range={0.0,7.250378075696062E-11},rate_95%_HPD={2.2018749474891043E-4,0.0016146857885631358}]:7.975525373245)[&rate_range={1.1765151338833364E-4,0.003112767879495775},height_95%_HPD={3.156960336499992,21.207514809132988},height_median=10.372966417390337,rate=6.396054619732415E-4,height=11.190629577592007,posterior=1.0,rate_median=5.642914723005649E-4,height_range={1.4657170549532168,41.15620259982998},rate_95%_HPD={1.8439512499446152E-4,0.0012926375934752446}]:14.0411222106)[&rate_range={6.072420499474443E-5,0.003879110378846282},height_95%_HPD={15.77797292886001,43.11697283488},height_median=28.666059378426993,rate=5.841497325888317E-4,height=29.284462450409624,posterior=0.7752083333333334,rate_median=5.029186774505375E-4,height_range={9.821949770671296,62.135285651136996},rate_95%_HPD={1.0229878577802807E-4,0.0012691076784909763}]:7.847076199944)[&rate_range={1.1102997258046019E-4,0.003304315174678992},height_95%_HPD={21.5575936681508,52.172223940101304},height_median=36.88078310662525,rate=7.2855561438766E-4,height=37.23180390526938,posterior=1.0,rate_median=6.556760144674821E-4,height_range={12.129019653675314,70.177765387827},rate_95%_HPD={2.480534485139281E-4,0.0014120714496238368}]:27.26005618366,(((18[&rate_range={5.673241826896688E-5,0.004018505995387301},height_95%_HPD={1.9753088054130785E-12,5.1102233555866405E-11},height_median=1.901412360894028E-11,rate=6.469178154922282E-4,height=2.3154652121585665E-11,rate_median=5.500851769315838E-4,height_range={0.0,6.997424861765467E-11},rate_95%_HPD={9.523407366969841E-5,0.0014331698991026784}]:5.914459942754,19[&rate_range={4.979717758531483E-5,0.003544761966332868},height_95%_HPD={1.9753088054130785E-12,5.1102233555866405E-11},height_median=1.901412360894028E-11,rate=5.004018779293266E-4,height=2.3154652121585665E-11,rate_median=4.2212043983471596E-4,height_range={0.0,6.997424861765467E-11},rate_95%_HPD={8.157410078994958E-5,0.0011229268097519567}]:5.914459942754)[&rate_range={6.57503617738303E-5,0.0028792823011241434},height_95%_HPD={0.02717212891811016,5.274579053365585},height_median=1.6095326161110108,rate=6.203339843970704E-4,height=2.0387361369330894,posterior=1.0,rate_median=5.455311371908925E-4,height_range={0.00486565139100037,14.965488372433498},rate_95%_HPD={1.416319395604214E-4,0.0013186165013173744}]:13.86292170798,20[&rate_range={8.308566582367844E-5,0.002589294409486847},height_95%_HPD={0.0,4.9396930990042165E-11},height_median=1.901412360894028E-11,rate=5.697577098193598E-4,height=2.3173836578078205E-11,rate_median=5.09818578747127E-4,height_range={0.0,7.099743015714921E-11},rate_95%_HPD={1.3323252382255014E-4,0.0011285311798284636}]:19.77738165073)[&rate_range={5.994042121291994E-5,0.0038736500073302616},height_95%_HPD={2.908158027433984,17.962359621764293},height_median=8.976575227549475,rate=5.986385891043016E-4,height=9.718932712106117,posterior=0.9998055555555555,rate_median=5.128823572901776E-4,height_range={1.4850219570781036,36.30284291560601},rate_95%_HPD={1.3440217164944056E-4,0.0012830582009663843}]:9.116920976415,21[&rate_range={5.063857287670622E-5,0.0026741455998909058},height_95%_HPD={0.0,4.928324415232055E-11},height_median=1.9028334463655483E-11,rate=5.100451136372099E-4,height=2.3163510813143753E-11,rate_median=4.660620688585591E-4,height_range={0.0,6.897948878759053E-11},rate_95%_HPD={1.6617232331469158E-4,9.582713187876811E-4}]:28.89430262715)[&rate_range={1.786469658033937E-4,0.0032189055497490408},height_95%_HPD={9.32971504470791,37.19128261061101},height_median=20.9761367001525,rate=6.510527304071312E-4,height=21.901867020894638,posterior=1.0,rate_median=6.052369032230356E-4,height_range={5.583996526487013,60.91997531281402},rate_95%_HPD={2.8706368671452926E-4,0.0011210930729212308}]:28.2294773403)[&rate_range={5.483330793354029E-5,0.0033706356287108315},height_95%_HPD={44.134876241805,72.5425119688131},height_median=59.33476276306005,rate=5.655818011979282E-4,height=58.7641450580901,posterior=0.9224166666666667,rate_median=4.826563999165792E-4,height_range={25.376514591435026,83.42905660885941},rate_95%_HPD={1.1736052194351936E-4,0.0012426528979458053}]:9.39460140351,((((22[&rate_range={1.6600578805281267E-4,0.0012996589814665304},height_95%_HPD={1.9895196601282805E-12,5.098854671814479E-11},height_median=1.901412360894028E-11,rate=5.039690358533075E-4,height=2.3124310959903797E-11,rate_median=4.863128369876025E-4,height_range={0.0,6.998845947236987E-11},rate_95%_HPD={2.519526209440942E-4,7.754466773139387E-4}]:36.43927707853,((23[&rate_range={7.03562026973637E-5,0.0016780126142805663},height_95%_HPD={9.663381206337363E-13,5.030642569181509E-11},height_median=1.901412360894028E-11,rate=3.220335510162398E-4,height=2.3112389039662655E-11,rate_median=3.0279508702682814E-4,height_range={0.0,6.929212759132497E-11},rate_95%_HPD={1.1462529073642679E-4,5.602833928258288E-4}]:25.89227196592,(24[&rate_range={2.3382258704426003E-4,0.0030484502562999577},height_95%_HPD={1.9610979506978765E-12,5.1301185521879233E-11},height_median=1.901412360894028E-11,rate=8.52278830698572E-4,height=2.3111898962547962E-11,rate_median=8.150508523377138E-4,height_range={0.0,7.199218998721335E-11},rate_95%_HPD={3.81064545920097E-4,0.0013857025387299473}]:18.43611614923,((25[&rate_range={2.0548642496604535E-4,0.004947537441026289},height_95%_HPD={1.9753088054130785E-12,5.1016968427575193E-11},height_median=1.9028334463655483E-11,rate=9.547283038256476E-4,height=2.312862277007197E-11,rate_median=8.852374778710105E-4,height_range={0.0,7.02300440025283E-11},rate_95%_HPD={3.5789482670646325E-4,0.0016845910655482244}]:6.376092866589,(26[&rate_range={6.75423194745409E-5,0.0030602886553385295},height_95%_HPD={2.8990143619012088E-12,5.040590167482151E-11},height_median=1.8985701899509877E-11,rate=6.203029685230294E-4,height=2.3131615536600394E-11,rate_median=5.559689957784002E-4,height_range={0.0,6.767209015379194E-11},rate_95%_HPD={1.592935974768552E-4,0.0012154573956423527}]:4.929831714463,27[&rate_range={1.0568768649712888E-4,0.004359456428707712},height_95%_HPD={2.8848035071860068E-12,5.040590167482151E-11},height_median=1.8985701899509877E-11,rate=8.120906973917149E-4,height=2.313119868486208E-11,rate_median=7.252013363900894E-4,height_range={0.0,6.767209015379194E-11},rate_95%_HPD={2.2521881633845106E-4,0.0015944465421015635}]:4.929831714463)[&rate_range={6.868921939800041E-5,0.004553252832205736},height_95%_HPD={2.5960700064230053,13.465965748950268},height_median=7.312984326444557,rate=6.369548962091227E-4,height=7.653309332046411,posterior=0.9973333333333333,rate_median=5.510808083575084E-4,height_range={0.7747221276623009,21.04440906065099},rate_95%_HPD={1.2266468490559305E-4,0.001355171761633537}]:1.446261152126)[&rate_range={6.0959885828052705E-5,0.0039076880051763015},height_95%_HPD={5.916256406552989,18.90055642669809},height_median=11.860322989081425,rate=5.969775861124722E-4,height=12.135427958762559,posterior=0.5645138888888889,rate_median=5.054414178467004E-4,height_range={2.8712649683040183,28.293953292005},rate_95%_HPD={9.558287082406716E-5,0.0013235432507470132}]:9.345388956804,28[&rate_range={7.848087901915885E-5,0.0037205131599379656},height_95%_HPD={1.9895196601282805E-12,5.1016968427575193E-11},height_median=1.9028334463655483E-11,rate=6.037777258308058E-4,height=2.312972529555029E-11,rate_median=5.578138494928243E-4,height_range={0.0,6.95195012667682E-11},rate_95%_HPD={2.1123257770289689E-4,0.0011021714309729282}]:15.72148182339)[&rate_range={7.071737460499769E-5,0.003663798686183482},height_95%_HPD={8.05678717978789,22.070685860411814},height_median=14.566165663181494,rate=6.961733034647863E-4,height=14.836626526312577,posterior=0.9940694444444444,rate_median=6.068126768662774E-4,height_range={4.459997509437699,32.395626733221604},rate_95%_HPD={1.2900881567821527E-4,0.0014733498095167695}]:2.714634325838)[&rate_range={6.721419918999793E-5,0.0031950232072064273},height_95%_HPD={11.757411112065,27.371907718746},height_median=19.27322115538074,rate=6.45107839656736E-4,height=19.514838783892426,posterior=0.9564722222222222,rate_median=5.596854519129561E-4,height_range={6.1457747135680165,38.63011441077211},rate_95%_HPD={1.251194601479885E-4,0.0013972666207422478}]:7.456155816688)[&rate_range={6.679984844275917E-5,0.0033994694992950606},height_95%_HPD={14.787459917847983,31.834696437176007},height_median=22.916114731855984,rate=6.325445172799122E-4,height=23.154921754427345,posterior=0.9880694444444444,rate_median=5.442151202165359E-4,height_range={8.390498989464973,45.19598885638362},rate_95%_HPD={1.2269027195546588E-4,0.0013613862968877163}]:3.06607825814,(29[&rate_range={1.0097644059413374E-4,0.002264350530499516},height_95%_HPD={0.0,4.997957603336545E-11},height_median=1.901412360894028E-11,rate=4.927721336565132E-4,height=2.3135910767438063E-11,rate_median=4.489739759618585E-4,height_range={0.0,7.199218998721335E-11},rate_95%_HPD={1.7329245915071432E-4,8.962564508778964E-4}]:17.72132127392,(30[&rate_range={6.720384170036663E-5,0.0020514411959570485},height_95%_HPD={0.0,4.999378688808065E-11},height_median=1.9099388737231493E-11,rate=3.8920023051919485E-4,height=2.3142207755060756E-11,rate_median=3.5142268944419455E-4,height_range={0.0,7.000267032708507E-11},rate_95%_HPD={1.1499214065910002E-4,7.519870183129132E-4}]:15.96148968956,31[&rate_range={1.3471004679983705E-4,0.0037938630115452363},height_95%_HPD={0.0,4.997957603336545E-11},height_median=1.9042545318370685E-11,rate=7.908246173244066E-4,height=2.3138211741664033E-11,rate_median=7.190533287547087E-4,height_range={0.0,7.000267032708507E-11},rate_95%_HPD={2.6607638111156827E-4,0.0014579494216860256}]:15.96148968956)[&rate_range={5.893505353779075E-5,0.003133556667086796},height_95%_HPD={6.418089756826504,28.08483825180869},height_median=16.578231258478603,rate=4.689156881382618E-4,height=16.89277679733439,posterior=0.79075,rate_median=3.895560828198717E-4,height_range={3.5494549566199964,40.105804885252226},rate_95%_HPD={7.65194966364612E-5,0.0010811086340122655}]:1.759831584364)[&rate_range={5.839306612008953E-5,0.0028276642004786156},height_95%_HPD={10.663495988033986,32.40784465642601},height_median=21.71043944861035,rate=4.3201621391909226E-4,height=21.774781081551147,posterior=0.9508888888888889,rate_median=3.6331435242405576E-4,height_range={3.8388690594210004,44.58562574978491},rate_95%_HPD={8.128360204869298E-5,9.670247344444787E-4}]:11.23702895014)[&rate_range={5.55620884375468E-5,0.0036094978906750434},height_95%_HPD={19.041246943621303,37.917100572609996},height_median=28.142128461856494,rate=5.878658617198644E-4,height=28.41206521437984,posterior=0.9925833333333334,rate_median=5.012727980704291E-4,height_range={12.939128678774011,46.285867400431016},rate_95%_HPD={1.2261512507871552E-4,0.0012816749631572818}]:7.480926854471)[&rate_range={6.355134459692185E-5,0.002956025546435889},height_95%_HPD={25.04826227836179,45.65292279797069},height_median=34.813980592302784,rate=5.403260793983385E-4,height=34.99973757809057,posterior=0.8825972222222223,rate_median=4.575290878462694E-4,height_range={15.909468866109293,57.612778158256674},rate_95%_HPD={9.437038586185474E-5,0.0011938211165737898}]:6.936175246102,(32[&rate_range={3.76287510416291E-4,0.0025755635557478305},height_95%_HPD={1.9610979506978765E-12,5.071854047855595E-11},height_median=1.899991275422508E-11,rate=0.0010144236122727939,height=2.3115849974904754E-11,rate_median=9.799794522559137E-4,height_range={0.0,6.798472895752639E-11},rate_95%_HPD={5.820098064985039E-4,0.0014961270813879286}]:34.36144594446,(((33[&rate_range={2.008793421394367E-4,0.003784303230005948},height_95%_HPD={1.9610979506978765E-12,5.162803518032888E-11},height_median=1.91420213013771E-11,rate=0.0010512218352882379,height=2.31311929610456E-11,rate_median=9.725649989218082E-4,height_range={0.0,7.219114195322618E-11},rate_95%_HPD={3.4749628352502717E-4,0.0018940423026550318}]:11.6511220646,34[&rate_range={1.2633576951984104E-4,0.003429662413639014},height_95%_HPD={1.9610979506978765E-12,5.161382432561368E-11},height_median=1.9127810446661897E-11,rate=9.901664742114967E-4,height=2.313425500549076E-11,rate_median=9.185023785937875E-4,height_range={0.0,7.219114195322618E-11},rate_95%_HPD={3.267698395309329E-4,0.001798863258189611}]:11.6511220646)[&rate_range={7.354402439317701E-5,0.004434404595352562},height_95%_HPD={4.273364440060021,17.06140487751668},height_median=9.694358998214,rate=7.222286725315104E-4,height=10.149371686111433,posterior=0.9904027777777777,rate_median=6.157856399496922E-4,height_range={2.24137782087719,29.669697541570002},rate_95%_HPD={1.2786825343747985E-4,0.0016042104178187668}]:0.7048557193828,35[&rate_range={5.392041010508131E-5,0.0015886424564647225},height_95%_HPD={0.0,4.9965365178650245E-11},height_median=1.929834070324432E-11,rate=3.357133307493356E-4,height=2.3119965201582696E-11,rate_median=3.082061408935232E-4,height_range={0.0,7.111111699487083E-11},rate_95%_HPD={9.773825163866504E-5,6.335325720147839E-4}]:12.35597778398)[&rate_range={7.002166869654845E-5,0.004000140731864625},height_95%_HPD={7.197762725702006,22.395462364759965},height_median=13.470111942052093,rate=7.440435562204565E-4,height=13.9450554307581,posterior=1.0,rate_median=6.501650003220837E-4,height_range={3.929333579359806,34.308578377464},rate_95%_HPD={1.66926563095039E-4,0.0015716344074360852}]:9.186179770572,36[&rate_range={8.433790024055853E-5,0.0020969839342364315},height_95%_HPD={0.0,4.992273261450464E-11},height_median=1.928412984852912E-11,rate=5.410146921894161E-4,height=2.3110826635135912E-11,rate_median=5.083266097956338E-4,height_range={0.0,7.108269528544042E-11},rate_95%_HPD={2.1968180434667808E-4,9.466588184236065E-4}]:21.54215755455)[&rate_range={2.446555383899151E-4,0.0047261500924126055},height_95%_HPD={11.434239340125004,30.224465152627005},height_median=20.560834873218454,rate=0.0011081507814185115,height=20.880402310909812,posterior=1.0,rate_median=0.0010182838434083892,height_range={7.7164222348295795,45.932957297807974},rate_95%_HPD={4.1550935247355495E-4,0.002039854344134981}]:12.81928838991)[&rate_range={6.248724651442691E-5,0.0032317070879886046},height_95%_HPD={25.113831044056596,47.48028242393738},height_median=36.13269056912373,rate=6.644437823406945E-4,height=36.21332751793203,posterior=0.8313611111111111,rate_median=5.725464592163014E-4,height_range={17.3357212813453,58.68978032539101},rate_95%_HPD={1.2006603160450275E-4,0.0014609282287165134}]:9.014006380169)[&rate_range={1.2397463059085398E-4,0.004110541797590151},height_95%_HPD={31.8864744187471,51.47622654797601},height_median=42.00544471862499,rate=8.605924046542391E-4,height=42.11217256105576,posterior=1.0,rate_median=7.610473857122753E-4,height_range={24.97714241699302,61.118938652572005},rate_95%_HPD={2.4422828130183397E-4,0.001749130962991403}]:12.96741251287,(37[&rate_range={1.8174746762552967E-4,0.002315859904127176},height_95%_HPD={1.9895196601282805E-12,5.1016968427575193E-11},height_median=1.901412360894028E-11,rate=6.055825605675478E-4,height=2.3120862656532558E-11,rate_median=5.693238722253865E-4,height_range={0.0,7.30153715267079E-11},rate_95%_HPD={2.815261140928748E-4,0.001003057801161924}]:45.79287845592,(38[&rate_range={2.2342620656281325E-4,0.003275851440843556},height_95%_HPD={0.0,4.945377440890297E-11},height_median=1.901412360894028E-11,rate=7.5971259891447E-4,height=2.3131205395543474E-11,rate_median=7.062004458164722E-4,height_range={0.0,7.30153715267079E-11},rate_95%_HPD={3.411275221503426E-4,0.0012909190584163748}]:37.34001513547,39[&rate_range={1.80809117727461E-4,0.0032144249806253297},height_95%_HPD={0.0,4.951061782776378E-11},height_median=1.901412360894028E-11,rate=6.7332694814855E-4,height=2.31350277207159E-11,rate_median=6.251472868827795E-4,height_range={0.0,7.099743015714921E-11},rate_95%_HPD={2.9494035478112943E-4,0.0011550484036173527}]:37.34001513547)[&rate_range={6.377527300777262E-5,0.0029726124600257696},height_95%_HPD={16.036087991588005,46.57243575936572},height_median=31.528858454307,rate=4.950636327834988E-4,height=31.46211323164893,posterior=0.699875,rate_median=4.167786609253466E-4,height_range={7.501277127588992,60.906870234458005},rate_95%_HPD={8.05966144516981E-5,0.0011061904340540192}]:8.452863320457)[&rate_range={5.34995666007093E-5,0.0037233938800583254},height_95%_HPD={23.349622011186696,53.145040018016985},height_median=39.368673653216995,rate=4.929854357851435E-4,height=39.05502699637578,posterior=0.9991666666666666,rate_median=4.175165417932699E-4,height_range={13.213852838134102,65.5808309157789},rate_95%_HPD={1.0394316633445629E-4,0.0010777561385954318}]:10.54998638158)[&rate_range={6.254564076393133E-5,0.004025300918439406},height_95%_HPD={42.244639730007506,61.85049034296003},height_median=52.1228574131839,rate=6.901693736783363E-4,height=51.998891498669515,posterior=0.9999444444444444,rate_median=6.026108649559867E-4,height_range={35.36637705940602,72.6245454111149},rate_95%_HPD={1.643502667497899E-4,0.0014251132855050727}]:5.324476451769,((40[&rate_range={6.936653511261517E-5,0.0012951118860681503},height_95%_HPD={0.0,4.928324415232055E-11},height_median=1.901412360894028E-11,rate=4.0099256261708316E-4,height=2.3120516266948875E-11,rate_median=3.8122270830751726E-4,height_range={0.0,7.099743015714921E-11},rate_95%_HPD={1.6910627920631755E-4,6.592840711547624E-4}]:34.28382229959,((41[&rate_range={9.972397983196884E-5,0.0040810511726310636},height_95%_HPD={0.0,4.9965365178650245E-11},height_median=1.9326762412674725E-11,rate=8.125078729538617E-4,height=2.31362034715706E-11,rate_median=7.491319044580316E-4,height_range={0.0,7.298694981727749E-11},rate_95%_HPD={2.915693735562355E-4,0.0014720533271793117}]:27.57117456671,42[&rate_range={1.6553984580336422E-4,0.004251075583899846},height_95%_HPD={0.0,4.9965365178650245E-11},height_median=1.9312551557959523E-11,rate=8.57226272805965E-4,height=2.313452876181701E-11,rate_median=7.818205007208943E-4,height_range={0.0,7.298694981727749E-11},rate_95%_HPD={2.8570921642929466E-4,0.0015776775234530274}]:27.57117456671)[&rate_range={6.872077307887489E-5,0.0033844857370175776},height_95%_HPD={6.437961061591082,25.744398282692586},height_median=15.62941689805001,rate=6.721791038562817E-4,height=16.062573297185576,posterior=0.968625,rate_median=5.926115066731102E-4,height_range={3.1417880098876054,37.96167233785401},rate_95%_HPD={1.4209240617119376E-4,0.0014019433415983378}]:2.523205145104,43[&rate_range={1.6187473815340006E-4,0.0031280676770358653},height_95%_HPD={0.0,4.9610093810770195E-11},height_median=1.929834070324432E-11,rate=7.084026089059582E-4,height=2.3123933582761917E-11,rate_median=6.672066092132268E-4,height_range={0.0,7.190692485892214E-11},rate_95%_HPD={3.1076117766660354E-4,0.0012151453656634482}]:30.09437971181)[&rate_range={7.320517712027223E-5,0.0037751982120307064},height_95%_HPD={13.420452415642117,36.046505081923},height_median=24.0868801660436,rate=7.173414870574667E-4,height=24.383112510715872,posterior=0.9980694444444445,rate_median=6.248152129016757E-4,height_range={7.467115467098978,47.70023251652929},rate_95%_HPD={1.396957943164399E-4,0.0014924625687191214}]:4.189442587774)[&rate_range={1.9886448096990376E-4,0.0032085722582612924},height_95%_HPD={21.933762062685005,46.49545453251359},height_median=33.84072234371215,rate=8.938507494796196E-4,height=33.8099681505666,posterior=1.0,rate_median=8.248513914632593E-4,height_range={13.286664209268991,54.47046868191539},rate_95%_HPD={3.567557079372718E-4,0.0016045717285705647}]:19.65661116297,((((((44[&rate_range={6.534823426475558E-5,0.002913978769743999},height_95%_HPD={0.0,4.970956979377661E-11},height_median=1.9028334463655483E-11,rate=5.389310439501977E-4,height=2.315242654383888E-11,rate_median=4.7738424138929974E-4,height_range={0.0,7.501910204155138E-11},rate_95%_HPD={1.3261039356432037E-4,0.0011192047561452844}]:3.864335172455,45[&rate_range={6.803293776729256E-5,0.003019672597814889},height_95%_HPD={0.0,4.970956979377661E-11},height_median=1.9028334463655483E-11,rate=6.313615131229117E-4,height=2.315255207305553E-11,rate_median=5.563230902942613E-4,height_range={0.0,7.501910204155138E-11},rate_95%_HPD={1.4504495582820398E-4,0.001268313691271079}]:3.864335172455)[&rate_range={5.872467761173972E-5,0.003075621499620796},height_95%_HPD={1.5842395385800074,12.994903735150103},height_median=6.446585655247873,rate=5.588581342144825E-4,height=6.935965657556874,posterior=0.9999305555555555,rate_median=4.86620069192806E-4,height_range={0.48985279189619746,23.566682786480996},rate_95%_HPD={1.225159492525098E-4,0.0011602279088902775}]:8.574827658747,(46[&rate_range={1.4917888547722277E-4,0.0038746182939252485},height_95%_HPD={0.0,4.9681148084346205E-11},height_median=1.9042545318370685E-11,rate=9.7847252310259E-4,height=2.3130134252369317E-11,rate_median=8.961851475933168E-4,height_range={0.0,7.501910204155138E-11},rate_95%_HPD={2.980180727640807E-4,0.0018343713558655749}]:4.11359708429,47[&rate_range={6.924535721698065E-5,0.0031309217468436256},height_95%_HPD={0.0,4.9681148084346205E-11},height_median=1.9042545318370685E-11,rate=5.366593541553294E-4,height=2.3130134252369317E-11,rate_median=4.8024275468417775E-4,height_range={0.0,7.501910204155138E-11},rate_95%_HPD={1.3783401704358327E-4,0.0010740903844806361}]:4.11359708429)[&rate_range={6.935557723372496E-5,0.004209981299895489},height_95%_HPD={2.8500386114780127,14.260514570979083},height_median=7.615487367546315,rate=7.478434185280705E-4,height=8.039473705099978,posterior=1.0,rate_median=6.667193723567891E-4,height_range={1.1233075112276936,26.589995443300978},rate_95%_HPD={1.7211712997323026E-4,0.001519354336426513}]:8.325565746912)[&rate_range={1.3839055651549903E-4,0.004394742124648438},height_95%_HPD={7.769598350086994,22.387116287405988},height_median=14.406782301335511,rate=0.001056457026491918,height=14.700391151127212,posterior=1.0,rate_median=9.652966707198077E-4,height_range={5.176400658163004,33.9770732516389},rate_95%_HPD={3.331653149801944E-4,0.0019605851824336692}]:8.173409374649,48[&rate_range={1.1404469123517889E-4,0.0025894833664150485},height_95%_HPD={0.0,4.9610093810770195E-11},height_median=1.9092283309873892E-11,rate=5.126423477921907E-4,height=2.3127816698812846E-11,rate_median=4.8025823663314896E-4,height_range={0.0,7.501910204155138E-11},rate_95%_HPD={2.1270236585382315E-4,8.77571590480711E-4}]:20.61257220585)[&rate_range={6.297398004075133E-5,0.0031563859345357962},height_95%_HPD={16.08970103473402,35.144663028398796},height_median=25.115520689491007,rate=5.857608620149494E-4,height=25.38023591002624,posterior=0.6317361111111112,rate_median=5.016777766323325E-4,height_range={11.224072996434984,45.77063290780829},rate_95%_HPD={9.030645857236545E-5,0.0012860980192709644}]:2.829820327294,49[&rate_range={8.917286337997941E-5,0.002432114703927798},height_95%_HPD={0.0,4.959588295605499E-11},height_median=1.907096702780109E-11,rate=4.079211431640718E-4,height=2.3138653265025115E-11,rate_median=3.7910564620596403E-4,height_range={0.0,7.501910204155138E-11},rate_95%_HPD={1.4474348944745958E-4,7.110894316883444E-4}]:23.44239253315)[&rate_range={1.8017847845411527E-4,0.003800461048128597},height_95%_HPD={18.798324668880014,39.18920618236301},height_median=28.90651594183045,rate=8.977619784793709E-4,height=29.06762486865075,posterior=1.0,rate_median=8.145647970750358E-4,height_range={11.995363555447284,51.518208756102},rate_95%_HPD={3.161754570851469E-4,0.0016952294225093599}]:16.37685642817,50[&rate_range={2.096055943891283E-4,0.0016462887664851098},height_95%_HPD={2.8848035071860068E-12,5.078959475213196E-11},height_median=1.899991275422508E-11,rate=5.968956855581448E-4,height=2.3149143836399668E-11,rate_median=5.831654998657519E-4,height_range={0.0,7.111111699487083E-11},rate_95%_HPD={3.48596509496681E-4,8.586552994791318E-4}]:39.81924896131)[&rate_range={5.721708276506797E-5,0.003961326281622606},height_95%_HPD={35.856577705415916,53.395626284635014},height_median=45.74455998217229,rate=5.921115037958107E-4,height=45.24970508076678,posterior=0.9981111111111111,rate_median=5.115718333600398E-4,height_range={22.47667508369119,60.74104035039332},rate_95%_HPD={1.1811485171323508E-4,0.001260647526590462}]:11.16669241699,(((51[&rate_range={5.421366159804198E-5,0.0033689504068593152},height_95%_HPD={1.9895196601282805E-12,5.000799774279585E-11},height_median=1.8985701899509877E-11,rate=6.313412380706843E-4,height=2.3109616344009333E-11,rate_median=5.503130505974422E-4,height_range={0.0,6.761524673493113E-11},rate_95%_HPD={1.2444282535163228E-4,0.0013375296770091734}]:4.205171514979,52[&rate_range={5.715242809961385E-5,0.003043737716445912},height_95%_HPD={1.9895196601282805E-12,5.000799774279585E-11},height_median=1.8985701899509877E-11,rate=4.5583673758863637E-4,height=2.31095071967502E-11,rate_median=3.934422796527997E-4,height_range={0.0,6.761524673493113E-11},rate_95%_HPD={7.94224775965911E-5,9.75465481571777E-4}]:4.205171514979)[&rate_range={5.3588307673728904E-5,0.0029155759784270274},height_95%_HPD={1.0202981005469098,17.366139186182068},height_median=5.808301540054629,rate=3.7950093206509027E-4,height=7.18185261230349,posterior=0.9988333333333334,rate_median=2.695033849244643E-4,height_range={0.41891444720860704,47.59220877151341},rate_95%_HPD={6.579242610995764E-5,0.0010109064698120634}]:9.371862115634,53[&rate_range={4.9001490820460495E-5,0.002148155391235061},height_95%_HPD={1.9895196601282805E-12,5.098854671814479E-11},height_median=1.899991275422508E-11,rate=2.807848696233787E-4,height=2.3130304387879936E-11,rate_median=2.4483299477240844E-4,height_range={0.0,6.926370588189457E-11},rate_95%_HPD={6.55040667173498E-5,5.953217160830739E-4}]:13.57703363061)[&rate_range={5.0436270443739577E-5,0.0014372752635171137},height_95%_HPD={3.1552388681609926,28.572337021074418},height_median=11.471602401899986,rate=1.7908639700834218E-4,height=13.267420827837885,posterior=0.5868194444444444,rate_median=1.6293290818948373E-4,height_range={1.5748636539190102,49.4541759761085},rate_95%_HPD={7.563204765905246E-5,3.1493177199487326E-4}]:35.76458350762,(54[&rate_range={1.155242366343484E-4,0.0020338203716847255},height_95%_HPD={1.9895196601282805E-12,5.000799774279585E-11},height_median=1.8985701899509877E-11,rate=4.1270590351981645E-4,height=2.3122469272607304E-11,rate_median=3.801833761123162E-4,height_range={0.0,6.861000656499527E-11},rate_95%_HPD={1.8830557523701985E-4,7.21009219783828E-4}]:43.81227345293,55[&rate_range={8.9414852145874E-5,0.003784837247855735},height_95%_HPD={1.8474111129762605E-12,5.070432962384075E-11},height_median=1.899991275422508E-11,rate=5.69703012531677E-4,height=2.3136344987998805E-11,rate_median=4.273369968419199E-4,height_range={0.0,6.861000656499527E-11},rate_95%_HPD={1.5396852772780204E-4,0.0014519581988235914}]:43.81227345293)[&posterior=0.49370833333333336]:5.529343685304)[&rate_range={1.0197040522497593E-4,0.004273689668528795},height_95%_HPD={49.00000107220299,52.929170707084005},height_median=49.72092040634601,rate=0.0010962102923214104,height=50.24946809284097,posterior=0.9995416666666667,rate_median=9.961641128571007E-4,height_range={49.00000107220299,58.73452818818701},rate_95%_HPD={2.6644002011863804E-4,0.002161754223755742}]:1.644324240073)[&rate_range={8.521758217251195E-5,0.004540441506805161},height_95%_HPD={50.11563335690499,56.72454343151901},height_median=52.830746590481894,rate=0.0011229846567537586,height=53.08759571087177,posterior=0.9998194444444445,rate_median=0.0010304400561259237,height_range={49.30112778309099,63.893418594344},rate_95%_HPD={2.81105032521783E-4,0.002177697046155491}]:2.954492084251)[&rate_range={6.082459978588568E-5,0.003950089114368972},height_95%_HPD={52.00794593471099,59.613866988953305},height_median=55.47878736612749,rate=5.672586030176525E-4,height=55.70967480767332,posterior=0.9018888888888889,rate_median=4.847905765089461E-4,height_range={52.000449759473,67.9901039545743},rate_95%_HPD={1.043191110336795E-4,0.0012449897927662408}]:7.726907826713)[&rate_range={1.0342341719756914E-4,0.0034072098953748893},height_95%_HPD={53.441603561091,67.54609860632999},height_median=60.23822910316049,rate=8.243026969538477E-4,height=60.51696294244762,posterior=1.0,rate_median=7.397147295586807E-4,height_range={52.000519190936004,77.10661799629003},rate_95%_HPD={2.2813483623870183E-4,0.001611457558699197}]:4.851040081686)[&rate_range={4.5429019514542E-5,0.0031031255676596},height_95%_HPD={62.034732334175,75.54968862081299},height_median=68.7813127454395,rate=5.756519335450507E-4,height=68.71396472549499,posterior=0.6946111111111111,rate_median=4.868327557723636E-4,height_range={55.36774802321332,81.8407076812606},rate_95%_HPD={9.232424808109425E-5,0.001275531658519833}]:3.196661332673,((((56[&rate_range={7.412227703075414E-5,0.0023957575374083952},height_95%_HPD={0.0,4.999378688808065E-11},height_median=1.9412027540965937E-11,rate=4.1608509036932347E-4,height=2.314050225512195E-11,rate_median=3.7312059772725214E-4,height_range={0.0,7.401013135677204E-11},rate_95%_HPD={1.283383513884822E-4,8.043356481312754E-4}]:21.08716041217,57[&rate_range={1.0779206320579716E-4,0.003377569670359383},height_95%_HPD={0.0,4.999378688808065E-11},height_median=1.9412027540965937E-11,rate=6.618822662130219E-4,height=2.3140428437626623E-11,rate_median=5.917090289468958E-4,height_range={0.0,7.401013135677204E-11},rate_95%_HPD={2.0172873868121806E-4,0.0012807729396631055}]:21.08716041217)[&rate_range={6.539154278416389E-5,0.002637442467817451},height_95%_HPD={6.694354175125497,36.18545143795009},height_median=20.19378851201509,rate=4.265122564313067E-4,height=21.061231159071443,posterior=0.999375,rate_median=3.614221173861268E-4,height_range={3.785879554995006,53.318309171786},rate_95%_HPD={9.24008800409829E-5,9.062486808161883E-4}]:19.08776012898,(((58[&rate_range={1.129790606357293E-4,0.0027633279282228977},height_95%_HPD={0.0,4.999378688808065E-11},height_median=1.9468870959826745E-11,rate=7.092790460379781E-4,height=2.314059956000215E-11,rate_median=6.57646397411245E-4,height_range={0.0,7.30153715267079E-11},rate_95%_HPD={2.51741849494986E-4,0.001287558322566456}]:11.69257667387,59[&rate_range={2.0209406435115997E-4,0.003534921674607969},height_95%_HPD={0.0,4.999378688808065E-11},height_median=1.9419132968323538E-11,rate=0.0010894767259938224,height=2.314154971353825E-11,rate_median=0.001012915390606616,height_range={0.0,7.30153715267079E-11},rate_95%_HPD={4.3534566065116785E-4,0.0019408525348003284}]:11.69257667387)[&rate_range={5.807209267692231E-5,0.0033455049465268725},height_95%_HPD={7.406675594992009,28.281677227340708},height_median=17.11387142205323,rate=6.861234388765665E-4,height=17.656030877776587,posterior=0.9600555555555556,rate_median=5.974216605212714E-4,height_range={4.429756869830015,46.56625367986598},rate_95%_HPD={1.3965561639202274E-4,0.001443668803517662}]:5.366749258264,60[&rate_range={1.614142696773172E-4,0.0037163391076045355},height_95%_HPD={0.0,4.999378688808065E-11},height_median=1.929834070324432E-11,rate=7.179117025201768E-4,height=2.3140153694435464E-11,rate_median=6.751687761114042E-4,height_range={0.0,7.290168468898628E-11},rate_95%_HPD={2.9674382314969514E-4,0.0012191916970920966}]:17.05932593213)[&rate_range={1.0037883049063571E-4,0.0036047916028895057},height_95%_HPD={14.54799461843298,39.1009749441817},height_median=25.8883357231515,rate=7.518008873286993E-4,height=26.418888273315748,posterior=0.9996388888888889,rate_median=6.679237846365808E-4,height_range={9.22263818099698,55.603182522080004},rate_95%_HPD={1.800458047812565E-4,0.0015529099322662673}]:9.86858675136,61[&rate_range={2.1424892150006115E-4,0.0021060099607050683},height_95%_HPD={0.0,4.959588295605499E-11},height_median=1.901412360894028E-11,rate=7.211072468747625E-4,height=2.3150593146207636E-11,rate_median=6.891704140762906E-4,height_range={0.0,7.290168468898628E-11},rate_95%_HPD={3.5379644354743573E-4,0.0011659282468910524}]:26.92791268349)[&rate_range={5.294665390323818E-5,0.0033056808597021147},height_95%_HPD={22.436855154780005,49.244737029800405},height_median=35.27326743524352,rate=6.332589412301629E-4,height=35.573143758598725,posterior=0.6232777777777778,rate_median=5.411318927564363E-4,height_range={14.724247086250017,63.32640120393103},rate_95%_HPD={1.1859833757798009E-4,0.001395933108765196}]:13.24700785766)[&rate_range={6.579648061603524E-5,0.003277343455588303},height_95%_HPD={27.128835498352004,54.948610262895016},height_median=40.88325486264499,rate=5.569733101049404E-4,height=41.09944129676482,posterior=0.8482777777777778,rate_median=4.7392980635049256E-4,height_range={19.776547205232006,68.65917766003402},rate_95%_HPD={1.1015242029930076E-4,0.0012432635892998356}]:4.397377568155,(62[&rate_range={1.273222249481816E-4,0.002932588391169996},height_95%_HPD={0.0,4.9965365178650245E-11},height_median=1.9383605831535533E-11,rate=6.345861317374941E-4,height=2.3161924131740206E-11,rate_median=5.834727162627472E-4,height_range={0.0,7.099743015714921E-11},rate_95%_HPD={2.4308999181438468E-4,0.0011539674397417691}]:26.75513839011,63[&rate_range={1.8713049034713836E-4,0.0038546466645181304},height_95%_HPD={0.0,4.9965365178650245E-11},height_median=1.9383605831535533E-11,rate=8.172640399533552E-4,height=2.3161924131740206E-11,rate_median=7.507385556937566E-4,height_range={0.0,7.099743015714921E-11},rate_95%_HPD={3.2338398165033687E-4,0.001463923252318708}]:26.75513839011)[&rate_range={7.989883719001223E-5,0.003432175441189879},height_95%_HPD={11.786059124657385,44.73352086622499},height_median=27.073889974486008,rate=6.16847571634166E-4,height=27.6725814375822,posterior=1.0,rate_median=5.269417196974201E-4,height_range={5.807653989462011,62.49635847998398},rate_95%_HPD={1.6761705016822955E-4,0.001298075713289621}]:17.8171597192)[&rate_range={1.0622649212433622E-4,0.0027206082373357286},height_95%_HPD={34.2888900984357,63.651467032712006},height_median=48.75424960840645,rate=6.346545934587365E-4,height=48.59688927240239,posterior=1.0,rate_median=5.597366654472803E-4,height_range={25.490833633764012,75.417347368884},rate_95%_HPD={1.6438162559568646E-4,0.001288811703067896}]:15.64960955956,64[&rate_range={1.4790700795216079E-4,0.0011386494350607362},height_95%_HPD={2.9842794901924208E-12,5.002220859751105E-11},height_median=1.8985701899509877E-11,rate=4.276141712573335E-4,height=2.315413796496715E-11,rate_median=4.1857890311445634E-4,height_range={0.0,6.900791049702093E-11},rate_95%_HPD={2.5304830091248023E-4,6.217639336327546E-4}]:60.22190766887)[&rate_range={6.157729704550111E-5,0.002944581423030897},height_95%_HPD={48.348814953516,76.154582487064},height_median=63.330737581909055,rate=4.944964074795472E-4,height=62.77131853691765,posterior=0.9253888888888889,rate_median=4.1982935349969353E-4,height_range={33.136734510620755,90.31946558652601},rate_95%_HPD={8.191463046218496E-5,0.001086223365550076}]:9.493135034762)[&posterior=0.4747638888888889]:2.079767656502,(((65[&rate_range={4.245712943536031E-5,0.0019230834938029327},height_95%_HPD={1.9895196601282805E-12,5.098854671814479E-11},height_median=1.899991275422508E-11,rate=3.4926217643954156E-4,height=2.316283283695005E-11,rate_median=3.0204308371460827E-4,height_range={0.0,7.202061169664375E-11},rate_95%_HPD={7.358365887684695E-5,7.51482777999529E-4}]:5.916423205968,66[&rate_range={8.485952416678597E-5,0.0037764633028696815},height_95%_HPD={1.9895196601282805E-12,5.098854671814479E-11},height_median=1.899991275422508E-11,rate=7.801933737799676E-4,height=2.316283283695005E-11,rate_median=6.852028709178246E-4,height_range={0.0,7.202061169664375E-11},rate_95%_HPD={1.639399452164672E-4,0.0016453236145294603}]:5.916423205968)[&rate_range={7.51071821250342E-5,0.001857458479177543},height_95%_HPD={1.4224392541531046,18.789503178024603},height_median=7.121379025066354,rate=3.0710872936662607E-4,height=8.409594250384462,posterior=1.0,rate_median=2.821977991984423E-4,height_range={0.6936821245558207,46.346510999736},rate_95%_HPD={1.261839295980128E-4,5.361641481317638E-4}]:45.16082761384,(67[&rate_range={1.5785425069459228E-4,0.0020296862428871845},height_95%_HPD={0.0,4.901323791273171E-11},height_median=1.901412360894028E-11,rate=5.357938280483922E-4,height=2.3167281821340818E-11,rate_median=5.06389128915773E-4,height_range={0.0,7.101164101186441E-11},rate_95%_HPD={2.5121324524259524E-4,8.79901358900767E-4}]:48.78656876731,(68[&rate_range={2.3034327276896444E-4,0.0038827148123652417},height_95%_HPD={0.0,4.999378688808065E-11},height_median=1.921307557495311E-11,rate=0.0010762112502442076,height=2.3155361874829497E-11,rate_median=9.919241936013003E-4,height_range={0.0,7.099743015714921E-11},rate_95%_HPD={4.163351104558344E-4,0.0018911532919113608}]:35.60776956379,69[&rate_range={8.643882121314739E-5,0.002145236647655161},height_95%_HPD={0.0,4.999378688808065E-11},height_median=1.921307557495311E-11,rate=5.108486158229845E-4,height=2.315508397367062E-11,rate_median=4.6716749570425525E-4,height_range={0.0,7.099743015714921E-11},rate_95%_HPD={1.6757100800080196E-4,9.482070121433024E-4}]:35.60776956379)[&rate_range={9.504725312899014E-5,0.00317869341976795},height_95%_HPD={10.270508871719016,39.882663955000794},height_median=22.88067605762084,rate=6.641592975329299E-4,height=23.724372050045503,posterior=0.9999444444444444,rate_median=5.822564670266881E-4,height_range={5.0268146177450035,58.207089876964005},rate_95%_HPD={1.799999896152043E-4,0.0013991874706474024}]:13.17879920353)[&rate_range={5.38829882457615E-5,0.0031109528329695984},height_95%_HPD={24.59589864530099,59.40868245374401},height_median=41.71784088435298,rate=5.140169433838673E-4,height=41.74445077669545,posterior=0.9659861111111111,rate_median=4.2969168253980436E-4,height_range={14.052612006759617,66.93205827496949},rate_95%_HPD={9.777556895724337E-5,0.001152960926875726}]:2.29068205249)[&rate_range={5.468864297326389E-5,0.003104879697602451},height_95%_HPD={34.3549666769499,66.71117604955833},height_median=53.1793400848027,rate=3.853879306073411E-4,height=51.96906546397371,posterior=0.9902916666666667,rate_median=3.1978481120033633E-4,height_range={18.236937511256002,71.311645101789},rate_95%_HPD={8.120314837902504E-5,8.643539847976428E-4}]:14.72128732251,(((((70[&rate_range={5.9385308049132936E-5,0.003190100337285329},height_95%_HPD={2.8990143619012088E-12,5.1016968427575193E-11},height_median=1.8985701899509877E-11,rate=5.474942696315833E-4,height=2.314130003671582E-11,rate_median=4.6200066062913794E-4,height_range={0.0,6.798472895752639E-11},rate_95%_HPD={8.004098531493485E-5,0.0012205488788188956}]:1.196205146491,71[&rate_range={5.3744523175456305E-5,0.0042623789365038005},height_95%_HPD={2.8990143619012088E-12,5.1016968427575193E-11},height_median=1.8985701899509877E-11,rate=5.295811129584309E-4,height=2.314130003671582E-11,rate_median=4.4086029378901525E-4,height_range={0.0,6.798472895752639E-11},rate_95%_HPD={8.156702700592618E-5,0.0012025402473132669}]:1.196205146491)[&rate_range={5.318585999007093E-5,0.0027483393042486357},height_95%_HPD={0.021186665156676554,5.9683239442078815},height_median=1.6585580933130188,rate=4.4714123976325175E-4,height=2.20996353527517,posterior=1.0,rate_median=3.873900995759425E-4,height_range={0.002741085242917052,21.925419718007987},rate_95%_HPD={9.480201706174037E-5,9.536622758236434E-4}]:9.916604848798,(72[&rate_range={5.042102170816381E-5,0.003782920714269875},height_95%_HPD={1.9753088054130785E-12,5.002220859751105E-11},height_median=1.8985701899509877E-11,rate=4.232324276031701E-4,height=2.31444315564507E-11,rate_median=3.68629263929486E-4,height_range={0.0,6.902212135173613E-11},rate_95%_HPD={1.0516994239220513E-4,8.757052487196402E-4}]:10.66271773225,73[&rate_range={6.024408051377699E-5,0.0026739352118568516},height_95%_HPD={2.9558577807620168E-12,5.1016968427575193E-11},height_median=1.8985701899509877E-11,rate=5.719214486597597E-4,height=2.3148416714333408E-11,rate_median=5.079724492072072E-4,height_range={0.0,6.902212135173613E-11},rate_95%_HPD={1.521292579424374E-4,0.0011577859110438527}]:10.66271773225)[&posterior=0.37080555555555555]:0.4500922630401)[&posterior=0.2636527777777778]:3.415129399882,(74[&rate_range={4.642198318445625E-5,0.0022591160266878883},height_95%_HPD={1.9895196601282805E-12,5.002220859751105E-11},height_median=1.899991275422508E-11,rate=3.3065706870875173E-4,height=2.3140178760804195E-11,rate_median=2.904138999008626E-4,height_range={0.0,6.902212135173613E-11},rate_95%_HPD={8.431659099666327E-5,6.85961430956629E-4}]:6.187603137797,75[&rate_range={9.291929664576241E-5,0.0037308313187372323},height_95%_HPD={2.9842794901924208E-12,5.1016968427575193E-11},height_median=1.899991275422508E-11,rate=6.842123342365433E-4,height=2.3139525061487295E-11,rate_median=5.916481386844166E-4,height_range={0.0,6.902212135173613E-11},rate_95%_HPD={1.5372533277581513E-4,0.001442051971733024}]:6.187603137797)[&rate_range={5.1023804507543946E-5,0.003171347416337141},height_95%_HPD={2.141915444964013,17.257923006369012},height_median=8.430513094399913,rate=4.1765695500130853E-4,height=8.976853291092832,posterior=0.7867361111111111,rate_median=3.4437103789213057E-4,height_range={0.476800232919004,34.49154366719691},rate_95%_HPD={7.11086164352638E-5,9.61495003956961E-4}]:8.340336257375)[&posterior=0.180875]:4.115737194283,((76[&rate_range={6.562937526468274E-5,0.00283475247281244},height_95%_HPD={2.9558577807620168E-12,5.061906449554954E-11},height_median=1.8985701899509877E-11,rate=4.766669972641794E-4,height=2.3135559246156845E-11,rate_median=4.0849123814158623E-4,height_range={0.0,6.801315066695679E-11},rate_95%_HPD={9.677528025680537E-5,0.0010283141319403842}]:5.589109197659,77[&rate_range={5.254271506686736E-5,0.0026460718955291433},height_95%_HPD={2.9558577807620168E-12,5.061906449554954E-11},height_median=1.8985701899509877E-11,rate=4.772783868901894E-4,height=2.3139829805371745E-11,rate_median=4.1080688939923785E-4,height_range={0.0,6.801315066695679E-11},rate_95%_HPD={1.0012760210563438E-4,0.0010166925536293301}]:5.589109197659)[&rate_range={5.0246908254168435E-5,0.003053111482491494},height_95%_HPD={1.035192020156785,12.942387731913016},height_median=5.950365053126369,rate=3.9072568078544573E-4,height=6.451096238217945,posterior=0.96775,rate_median=3.294278158129455E-4,height_range={0.2924004665067059,22.1635724634087},rate_95%_HPD={7.166480774337925E-5,8.64035589578825E-4}]:9.77150765869,(((78[&rate_range={5.913286399634069E-5,0.0025504169685639146},height_95%_HPD={2.9842794901924208E-12,4.999378688808065E-11},height_median=1.880096078821225E-11,rate=4.161893836141531E-4,height=2.313435546833868E-11,rate_median=3.688699388938777E-4,height_range={0.0,6.792788553866558E-11},rate_95%_HPD={9.282990129537113E-5,8.325507451540404E-4}]:9.63313282244,(79[&rate_range={5.4717222618176936E-5,0.002754191691831978},height_95%_HPD={3.296918293926865E-12,5.000799774279585E-11},height_median=1.8772539078781847E-11,rate=4.8314966695957247E-4,height=2.3150936377823604E-11,rate_median=4.2882209626404966E-4,height_range={0.0,6.838263288955204E-11},rate_95%_HPD={9.66916657595228E-5,9.90526924658833E-4}]:8.363925004216,(80[&rate_range={4.6509630110165086E-5,0.003992792433688818},height_95%_HPD={3.296918293926865E-12,4.999378688808065E-11},height_median=1.872990651463624E-11,rate=6.043776487089415E-4,height=2.315018813684825E-11,rate_median=5.297910707430909E-4,height_range={0.0,6.835421118012164E-11},rate_95%_HPD={1.083038617718154E-4,0.0012824131178010448}]:5.66379818169,81[&rate_range={1.1061796715119634E-4,0.004086643941722758},height_95%_HPD={3.282707439211663E-12,4.999378688808065E-11},height_median=1.872990651463624E-11,rate=0.0010235085101359274,height=2.3149329761748858E-11,rate_median=9.309867261265225E-4,height_range={0.0,6.835421118012164E-11},rate_95%_HPD={2.641631160006285E-4,0.002014614813402948}]:5.66379818169)[&rate_range={5.9703563368409405E-5,0.003713128681462825},height_95%_HPD={0.9007598329828852,5.809297544689912},height_median=2.9076539403040087,rate=7.44327650000237E-4,height=3.123600856114105,posterior=0.9694166666666667,rate_median=6.435452478895116E-4,height_range={0.3037431351870197,14.709565964562884},rate_95%_HPD={1.393850106980289E-4,0.0015923799351600582}]:2.700126822526)[&rate_range={4.4831366087946746E-5,0.0039256750080147364},height_95%_HPD={2.0450057664102985,8.72822803692489},height_median=4.887510707624685,rate=7.425388836626044E-4,height=5.095602082190404,posterior=0.9735555555555555,rate_median=6.486655027086146E-4,height_range={0.7649613084500118,19.691964856981187},rate_95%_HPD={1.4305859140868282E-4,0.0015750451772393935}]:1.269207818224)[&rate_range={5.7783504154529476E-5,0.00338436603503837},height_95%_HPD={3.5370806269392716,11.071235699597594},height_median=6.90998735495468,rate=6.421060921268934E-4,height=7.068176517588566,posterior=0.5067916666666666,rate_median=5.543775437598301E-4,height_range={1.3856072765414353,18.824661706219004},rate_95%_HPD={1.2591224781918325E-4,0.0014171003769980254}]:1.385388285804,((82[&rate_range={7.71282181012038E-5,0.003732145143829862},height_95%_HPD={2.9842794901924208E-12,5.002220859751105E-11},height_median=1.880096078821225E-11,rate=7.398708214553882E-4,height=2.3149068045174518E-11,rate_median=6.761278733738398E-4,height_range={0.0,6.969003152335063E-11},rate_95%_HPD={2.1831612575387764E-4,0.001428770220130877}]:2.903981154127,83[&rate_range={3.907914331261116E-5,0.002860333997656615},height_95%_HPD={3.282707439211663E-12,5.007905201637186E-11},height_median=1.878674993349705E-11,rate=5.809033477790182E-4,height=2.3148708234228048E-11,rate_median=5.193335684061114E-4,height_range={0.0,6.893685622344492E-11},rate_95%_HPD={1.3947370668825236E-4,0.001169030251658559}]:2.903981154127)[&posterior=0.4827222222222222]:4.248868006128,(84[&rate_range={8.253708158953543E-5,0.004456936512047667},height_95%_HPD={3.0127011996228248E-12,4.999378688808065E-11},height_median=1.878674993349705E-11,rate=0.0010314834197379516,height=2.313385473308295E-11,rate_median=9.425800240939131E-4,height_range={0.0,6.74162947689183E-11},rate_95%_HPD={2.7565096764206696E-4,0.001984358371465199}]:3.580474075044,85[&rate_range={6.084686880930478E-5,0.002795121216934709},height_95%_HPD={3.296918293926865E-12,5.009326287108706E-11},height_median=1.8772539078781847E-11,rate=5.08779419169601E-4,height=2.3143366729211972E-11,rate_median=4.4797182158475056E-4,height_range={0.0,6.772893357265275E-11},rate_95%_HPD={9.654316271079666E-5,0.0010484385048382392}]:3.580474075044)[&rate_range={7.633132534041147E-5,0.0033373729366305365},height_95%_HPD={1.4014539275651998,8.184987782936716},height_median=4.2791549306005265,rate=6.897034670610083E-4,height=4.526889447100853,posterior=0.5975972222222222,rate_median=6.044577680530423E-4,height_range={0.5256937084392064,16.34882248275558},rate_95%_HPD={1.407897631370132E-4,0.0014326052407422362}]:3.572375085211)[&posterior=0.22106944444444446]:3.865671947989)[&rate_range={6.720600185329479E-5,0.0031726921070409793},height_95%_HPD={5.8091738366867105,14.076431927762798},height_median=9.668935259714985,rate=6.412670958633507E-4,height=9.881892396982973,posterior=0.5533194444444445,rate_median=5.524602834648644E-4,height_range={4.186638249771221,22.936071976762292},rate_95%_HPD={1.0837478703945961E-4,0.0013933257913329596}]:1.666843916727,(86[&rate_range={5.504429676927298E-5,0.0025134536916223494},height_95%_HPD={2.6858515411731787E-12,5.019273885409348E-11},height_median=1.8971491044794675E-11,rate=3.8174194954012535E-4,height=2.3141595306697126E-11,rate_median=3.3880771283008955E-4,height_range={0.0,6.969003152335063E-11},rate_95%_HPD={8.422396396604293E-5,7.758203107685294E-4}]:9.46061225787,87[&rate_range={7.131064399215612E-5,0.0031803799819923742},height_95%_HPD={2.9558577807620168E-12,5.042011252953671E-11},height_median=1.892885848064907E-11,rate=5.845725300817528E-4,height=2.314225413771156E-11,rate_median=5.1715361503548E-4,height_range={0.0,6.892264536872972E-11},rate_95%_HPD={1.4763878319343576E-4,0.0011815606787439353}]:9.46061225787)[&rate_range={5.113687621010535E-5,0.0029063463323671743},height_95%_HPD={1.8576009150789048,13.18679889458872},height_median=7.329370315787827,rate=4.5006036569280336E-4,height=7.479713855707047,posterior=0.7022361111111111,rate_median=3.7785982709811464E-4,height_range={0.4652467277072958,23.384674715105007},rate_95%_HPD={6.703858968117095E-5,9.95486137148015E-4}]:3.2247527671)[&rate_range={7.183298849322801E-5,0.003706556864890352},height_95%_HPD={7.225635313965114,16.84143322559372},height_median=11.579744823576256,rate=6.372906471635304E-4,height=11.796913542951167,posterior=0.586,rate_median=5.442418070776508E-4,height_range={4.940581744221404,25.229001193291296},rate_95%_HPD={1.1989156359641808E-4,0.0013971241507070948}]:2.675251831379)[&rate_range={5.624156705847638E-5,0.003792276527941106},height_95%_HPD={8.2158344868147,19.538761087750004},height_median=13.559185964105382,rate=6.190905059849954E-4,height=13.821300457408519,posterior=0.579125,rate_median=5.244218125750504E-4,height_range={5.9814546459620885,31.835600246489406},rate_95%_HPD={1.1029908178782637E-4,0.0013827027444317274}]:3.283059733105)[&rate_range={6.207310761535467E-5,9.003814912035038E-4},height_95%_HPD={11.647201866751004,28.365965027824387},height_median=18.8146211344295,rate=2.795121362524122E-4,height=19.301751534863833,posterior=1.0,rate_median=2.6997801586500954E-4,height_range={8.687022227088676,50.659922670348195},rate_95%_HPD={1.344573001583842E-4,4.449067068837595E-4}]:44.43163048232,(88[&rate_range={6.124929795551441E-5,0.0030688038440856327},height_95%_HPD={2.9842794901924208E-12,5.000799774279585E-11},height_median=1.8985701899509877E-11,rate=5.503858103860242E-4,height=2.3138331547064202E-11,rate_median=4.68998814236603E-4,height_range={0.0,6.899369964230573E-11},rate_95%_HPD={1.0364110157956147E-4,0.001193473718627208}]:9.829850760166,(89[&rate_range={6.371441923146559E-5,0.0030210345733858585},height_95%_HPD={2.9984903449076228E-12,4.999378688808065E-11},height_median=1.8985701899509877E-11,rate=4.5041740566221063E-4,height=2.314688786321363E-11,rate_median=3.870359281885435E-4,height_range={0.0,6.897948878759053E-11},rate_95%_HPD={8.792857314101309E-5,9.620184874170824E-4}]:8.700665337002,90[&rate_range={5.359771904427375E-5,0.0041208319676746315},height_95%_HPD={2.9984903449076228E-12,4.999378688808065E-11},height_median=1.8985701899509877E-11,rate=6.536109606492442E-4,height=2.3139904412359E-11,rate_median=5.672706252022637E-4,height_range={0.0,6.897948878759053E-11},rate_95%_HPD={1.2566061475802981E-4,0.0014121888093308107}]:8.700665337002)[&rate_range={6.0459544666687645E-5,0.003050147294924631},height_95%_HPD={0.6281761315610055,10.199796011640004},height_median=3.9937895615553956,rate=4.889824341407285E-4,height=4.636849515729092,posterior=0.7470277777777777,rate_median=4.0805745919259283E-4,height_range={0.2584832124310026,28.62022078380599},rate_95%_HPD={7.950194743640599E-5,0.0011102632053402658}]:1.129185423163)[&rate_range={4.9973216857720845E-5,5.876677139681677E-4},height_95%_HPD={2.170114615598777,17.839087807815005},height_median=7.713437041119505,rate=2.007724621494879E-4,height=8.679876592352173,posterior=1.0,rate_median=1.9500112630893517E-4,height_range={1.1703748290450164,49.105963508775005},rate_95%_HPD={9.369378770176932E-5,3.166172926796981E-4}]:53.24545631161)[&rate_range={1.3080539448852643E-4,0.004951665840417974},height_95%_HPD={63.000007699097004,64.4160858651177},height_median=63.327018142644064,rate=0.0014501951540659367,height=63.47031927317401,posterior=0.9861388888888889,rate_median=0.00137395667234117,height_range={63.000007699097004,67.42945253976339},rate_95%_HPD={3.984361093363087E-4,0.00265530797450562}]:2.723231070535)[&rate_range={5.113620675149306E-4,0.00578929436808757},height_95%_HPD={63.98039310008599,69.8612631172545},height_median=66.456920082306,rate=0.00209074992030184,height=66.63230754885085,posterior=1.0,rate_median=0.0020612676070575183,height_range={63.000746787262386,75.78116319301101},rate_95%_HPD={0.0010923482204209225,0.0031203778129493646}]:5.99627221782)[&rate_range={3.147334758069841E-4,0.004637716994106563},height_95%_HPD={68.92557843374598,81.12392411849},height_median=74.148887140977,rate=0.0012871450298001944,height=74.55662635353914,posterior=1.0,rate_median=0.0011966793077221823,height_range={66.55194392607,96.5315684777236},rate_95%_HPD={4.871563845783608E-4,0.0023123900291159537}]:13.73550112706,(((91[&rate_range={2.669661671780406E-4,0.004225562499438624},height_95%_HPD={0.0,4.999378688808065E-11},height_median=1.999467258428922E-11,rate=0.001298402107598106,height=2.312685115018414E-11,rate_median=0.00121459534989942,height_range={0.0,7.000267032708507E-11},rate_95%_HPD={5.312417610369742E-4,0.002268924361832065}]:17.91404656632,92[&rate_range={1.290410249039359E-4,0.0024653120550901775},height_95%_HPD={0.0,4.999378688808065E-11},height_median=1.999467258428922E-11,rate=6.838139559835383E-4,height=2.312685115018414E-11,rate_median=6.294707661250482E-4,height_range={0.0,7.000267032708507E-11},rate_95%_HPD={2.3515490998548823E-4,0.001261896261759429}]:17.91404656632)[&rate_range={3.956817911787146E-4,0.0048080811287583205},height_95%_HPD={8.588341029126994,33.16914726324242},height_median=20.031290979369516,rate=0.0014767476989037637,height=20.792172621222345,posterior=1.0,rate_median=0.0014075090862155028,height_range={5.104944757585997,59.58476927765},rate_95%_HPD={6.385928581341516E-4,0.002476579250804284}]:24.17494910131,93[&rate_range={1.5667760992951188E-4,0.0017786457323745709},height_95%_HPD={0.0,4.901323791273171E-11},height_median=1.9980461729574017E-11,rate=5.977817976460784E-4,height=2.3134340467992033E-11,rate_median=5.691684536452266E-4,height_range={0.0,6.801315066695679E-11},rate_95%_HPD={2.816612124813137E-4,9.901225432272056E-4}]:42.08899566764)[&rate_range={2.956173343152253E-4,0.004185866814036292},height_95%_HPD={27.612026817534,65.492739478613},height_median=45.53422426318501,rate=0.001357785493669219,height=46.0500165165152,posterior=1.0,rate_median=0.0012839007624323106,height_range={18.000255044967986,85.273557127363},rate_95%_HPD={6.101827024509795E-4,0.002293243625189739}]:19.14022234156,(94[&rate_range={1.3748161406947494E-4,0.0014310264886155618},height_95%_HPD={1.0942358130705543E-12,5.002220859751105E-11},height_median=1.901412360894028E-11,rate=4.1482037350616864E-4,height=2.3147253792722546E-11,rate_median=3.9964664985614283E-4,height_range={0.0,9.50137746258406E-11},rate_95%_HPD={2.2487414229808926E-4,6.330799406503794E-4}]:58.2171518609,((95[&rate_range={7.122957232664328E-5,0.003400489489651286},height_95%_HPD={0.0,4.902744876744691E-11},height_median=1.9980461729574017E-11,rate=5.150746618232886E-4,height=2.315333307794592E-11,rate_median=4.432129900453695E-4,height_range={0.0,7.199218998721335E-11},rate_95%_HPD={1.1383129652738675E-4,0.0010887858522098974}]:15.04358960645,96[&rate_range={5.183699939818006E-5,0.0027430773827583636},height_95%_HPD={0.0,4.902744876744691E-11},height_median=1.9980461729574017E-11,rate=4.392377684350539E-4,height=2.3154543369072497E-11,rate_median=3.799058724132337E-4,height_range={0.0,7.199218998721335E-11},rate_95%_HPD={1.0131893066005879E-4,9.25531076703307E-4}]:15.04358960645)[&rate_range={4.6088877574326606E-5,0.0035856870569513813},height_95%_HPD={2.52523339178002,25.60851027198028},height_median=11.739870651414641,rate=3.407360122690828E-4,height=12.889372228856342,posterior=0.9981388888888889,rate_median=2.832075640936959E-4,height_range={1.0058373226010104,49.56221838669899},rate_95%_HPD={7.345080840315663E-5,7.562559130464769E-4}]:7.940590725046,(97[&rate_range={1.4384903120240862E-4,0.003537440330473266},height_95%_HPD={0.0,4.990852175978944E-11},height_median=1.9980461729574017E-11,rate=8.924377891011215E-4,height=2.3134632382632642E-11,rate_median=8.272350847559197E-4,height_range={0.0,7.199218998721335E-11},rate_95%_HPD={2.984641229903836E-4,0.0016242655910668501}]:14.73331425354,98[&rate_range={1.1447441079050853E-4,0.003176623281432683},height_95%_HPD={0.0,4.990852175978944E-11},height_median=1.9980461729574017E-11,rate=7.450785152954599E-4,height=2.3134632382632642E-11,rate_median=6.829558368115898E-4,height_range={0.0,7.199218998721335E-11},rate_95%_HPD={2.2911317549368325E-4,0.0014024191854440245}]:14.73331425354)[&rate_range={1.318777871408428E-4,0.0040170826775553035},height_95%_HPD={5.84638618964442,27.305732615243997},height_median=14.59961109051335,rate=8.686305435661333E-4,height=15.569400716000569,posterior=1.0,rate_median=7.620882695451624E-4,height_range={3.063908662422989,46.89159904417781},rate_95%_HPD={2.12403316145224E-4,0.0017863558562343175}]:8.250866077963)[&rate_range={1.773285283400924E-4,0.0031208180315419353},height_95%_HPD={13.334837660489,44.33365159754101},height_median=27.123655643598,rate=6.382421971959516E-4,height=28.217656127209995,posterior=1.0,rate_median=5.818974103839679E-4,height_range={8.273835708215216,71.765546504859},rate_95%_HPD={2.712198728158414E-4,0.0011448612193933724}]:35.2329715294)[&rate_range={5.927118549442726E-5,0.004180209220638289},height_95%_HPD={45.87218325706999,91.433635261713},height_median=69.1410563809695,rate=4.502704154373679E-4,height=68.58032570089225,posterior=0.55625,rate_median=3.709126577866731E-4,height_range={23.870330514323996,104.2999591566},rate_95%_HPD={8.030367166687744E-5,0.0010354222778471557}]:3.012066148299)[&rate_range={5.456469019996684E-5,0.0037640573784970353},height_95%_HPD={59.74028034667201,98.627177401074},height_median=78.74856690838999,rate=6.208425714250064E-4,height=78.73623929453018,posterior=0.9991805555555555,rate_median=5.448780788104079E-4,height_range={38.5233217579197,117.964722251822},rate_95%_HPD={1.4870016606180592E-4,0.0013035363498389945}]:24.30109347799)[&rate_range={9.433952744243331E-5,0.004088409654515625},height_95%_HPD={80.68404273763201,109.270295645},height_median=93.90785042841951,rate=7.776256579998908E-4,height=94.32135496121172,posterior=0.9999722222222223,rate_median=6.802371510200447E-4,height_range={72.420963937522,124.38811058236999},rate_95%_HPD={1.6771628398120044E-4,0.0016308456034982953}]:20.10944438239)[&rate_range={1.0915230784220804E-4,0.004091615780444697},height_95%_HPD={86.83508247995799,118.475428668681},height_median=102.601926858243,rate=9.036375900001416E-4,height=102.7165622484926,posterior=0.9999027777777778,rate_median=8.062440797668931E-4,height_range={77.46661269665101,132.295615923959},rate_95%_HPD={2.422132207003083E-4,0.0018315503961397572}]:7.864327505693)[&rate_range={5.4621330320132816E-5,0.003493154466864855},height_95%_HPD={96.36592568296649,129.8866496087},height_median=113.877143512229,rate=6.169364949240605E-4,height=113.44421550856092,posterior=0.8590277777777777,rate_median=5.219431979139608E-4,height_range={82.306035561248,136.05225862850048},rate_95%_HPD={9.559777864718281E-5,0.0013633992350747589}]:4.871211930614)[&rate_range={5.998457162309342E-5,0.004362953418701952},height_95%_HPD={103.15248674032762,135.416795974807},height_median=120.0780922634965,rate=5.989232346846435E-4,height=119.33824161524021,posterior=1.0,rate_median=5.059190417667553E-4,height_range={88.01837877267239,136.91014385857},rate_95%_HPD={8.485326315252337E-5,0.0013212852644093427}]:6.007168443628)[&height_95%_HPD={108.58406381313901,136.99733265599},height_median=125.794685628228,height=124.49598047462786,posterior=1.0,height_range={90.0730207711258,136.99988749493298}];
End;
